\BOOKMARK [0][-]{chapter.1}{Introduction}{}% 1
\BOOKMARK [1][-]{section.1.1}{Problem definition}{chapter.1}% 2
\BOOKMARK [1][-]{section.1.2}{Goals}{chapter.1}% 3
\BOOKMARK [1][-]{section.1.3}{Delimitations}{chapter.1}% 4
\BOOKMARK [1][-]{section.1.4}{Contributions}{chapter.1}% 5
\BOOKMARK [1][-]{section.1.5}{Organization of thesis}{chapter.1}% 6
\BOOKMARK [0][-]{chapter.2}{Theory}{}% 7
\BOOKMARK [1][-]{section.2.1}{Content-based image retrieval}{chapter.2}% 8
\BOOKMARK [1][-]{section.2.2}{Relevance feedback}{chapter.2}% 9
\BOOKMARK [1][-]{section.2.3}{Image formats}{chapter.2}% 10
\BOOKMARK [2][-]{subsection.2.3.1}{Hue, saturation, value}{section.2.3}% 11
\BOOKMARK [2][-]{subsection.2.3.2}{YCbCr}{section.2.3}% 12
\BOOKMARK [1][-]{section.2.4}{Datasets}{chapter.2}% 13
\BOOKMARK [2][-]{subsection.2.4.1}{Corel-1000}{section.2.4}% 14
\BOOKMARK [2][-]{subsection.2.4.2}{Places205}{section.2.4}% 15
\BOOKMARK [0][-]{chapter.3}{Image analysis theory}{}% 16
\BOOKMARK [1][-]{section.3.1}{Visual features}{chapter.3}% 17
\BOOKMARK [1][-]{section.3.2}{Feature detectors and descriptors}{chapter.3}% 18
\BOOKMARK [2][-]{subsection.3.2.1}{Histogram of oriented gradients}{section.3.2}% 19
\BOOKMARK [2][-]{subsection.3.2.2}{Global color histogram}{section.3.2}% 20
\BOOKMARK [2][-]{subsection.3.2.3}{Wavelet transform}{section.3.2}% 21
\BOOKMARK [2][-]{subsection.3.2.4}{Convolutional neural network activations}{section.3.2}% 22
\BOOKMARK [3][-]{subsubsection.3.2.4.1}{Convolutional neural networks}{subsection.3.2.4}% 23
\BOOKMARK [3][-]{subsubsection.3.2.4.2}{Network architecture}{subsection.3.2.4}% 24
\BOOKMARK [2][-]{subsection.3.2.5}{Edge detection histogram}{section.3.2}% 25
\BOOKMARK [0][-]{chapter.4}{Machine learning theory}{}% 26
\BOOKMARK [1][-]{section.4.1}{Supervised learning}{chapter.4}% 27
\BOOKMARK [1][-]{section.4.2}{Classification}{chapter.4}% 28
\BOOKMARK [1][-]{section.4.3}{Support vector machines}{chapter.4}% 29
\BOOKMARK [2][-]{subsection.4.3.1}{Kernels}{section.4.3}% 30
\BOOKMARK [1][-]{section.4.4}{Ensemble learning}{chapter.4}% 31
\BOOKMARK [2][-]{subsection.4.4.1}{Deep support vector machine}{section.4.4}% 32
\BOOKMARK [0][-]{chapter.5}{Method}{}% 33
\BOOKMARK [1][-]{section.5.1}{Related approaches}{chapter.5}% 34
\BOOKMARK [1][-]{section.5.2}{Proposed model}{chapter.5}% 35
\BOOKMARK [2][-]{subsection.5.2.1}{Relevance feedback module}{section.5.2}% 36
\BOOKMARK [2][-]{subsection.5.2.2}{Matching module}{section.5.2}% 37
\BOOKMARK [3][-]{subsubsection.5.2.2.1}{Classifier}{subsection.5.2.2}% 38
\BOOKMARK [3][-]{subsubsection.5.2.2.2}{Training data}{subsection.5.2.2}% 39
\BOOKMARK [3][-]{subsubsection.5.2.2.3}{Exploring search space}{subsection.5.2.2}% 40
\BOOKMARK [2][-]{subsection.5.2.3}{Feature extraction module}{section.5.2}% 41
\BOOKMARK [3][-]{subsubsection.5.2.3.1}{Histogram of oriented gradients}{subsection.5.2.3}% 42
\BOOKMARK [3][-]{subsubsection.5.2.3.2}{Global color histogram}{subsection.5.2.3}% 43
\BOOKMARK [3][-]{subsubsection.5.2.3.3}{Wavelet feature transform}{subsection.5.2.3}% 44
\BOOKMARK [3][-]{subsubsection.5.2.3.4}{Convolutional neural network activations}{subsection.5.2.3}% 45
\BOOKMARK [3][-]{subsubsection.5.2.3.5}{Sobel edge detection histogram}{subsection.5.2.3}% 46
\BOOKMARK [1][-]{section.5.3}{Evaluation of model}{chapter.5}% 47
\BOOKMARK [2][-]{subsection.5.3.1}{Relevance feedback simulation}{section.5.3}% 48
\BOOKMARK [2][-]{subsection.5.3.2}{Parameter benchmarks}{section.5.3}% 49
\BOOKMARK [3][-]{subsubsection.5.3.2.1}{Datasets for benchmark}{subsection.5.3.2}% 50
\BOOKMARK [3][-]{subsubsection.5.3.2.2}{Classifier learning method}{subsection.5.3.2}% 51
\BOOKMARK [3][-]{subsubsection.5.3.2.3}{Limiting search space}{subsection.5.3.2}% 52
\BOOKMARK [3][-]{subsubsection.5.3.2.4}{Feature descriptors}{subsection.5.3.2}% 53
\BOOKMARK [3][-]{subsubsection.5.3.2.5}{Training data}{subsection.5.3.2}% 54
\BOOKMARK [2][-]{subsection.5.3.3}{Study comparisons}{section.5.3}% 55
\BOOKMARK [3][-]{subsubsection.5.3.3.1}{The Corel-1000 evaluation}{subsection.5.3.3}% 56
\BOOKMARK [0][-]{chapter.6}{Results}{}% 57
\BOOKMARK [1][-]{section.6.1}{Parameter benchmarks}{chapter.6}% 58
\BOOKMARK [2][-]{subsection.6.1.1}{Classifier learning method}{section.6.1}% 59
\BOOKMARK [3][-]{subsubsection.6.1.1.1}{Evaluation set}{subsection.6.1.1}% 60
\BOOKMARK [3][-]{subsubsection.6.1.1.2}{Search space}{subsection.6.1.1}% 61
\BOOKMARK [2][-]{subsection.6.1.2}{Limiting search space}{section.6.1}% 62
\BOOKMARK [3][-]{subsubsection.6.1.2.1}{Evaluation set}{subsection.6.1.2}% 63
\BOOKMARK [3][-]{subsubsection.6.1.2.2}{Search space}{subsection.6.1.2}% 64
\BOOKMARK [2][-]{subsection.6.1.3}{Feature descriptors}{section.6.1}% 65
\BOOKMARK [3][-]{subsubsection.6.1.3.1}{Evaluation set}{subsection.6.1.3}% 66
\BOOKMARK [3][-]{subsubsection.6.1.3.2}{Search space}{subsection.6.1.3}% 67
\BOOKMARK [2][-]{subsection.6.1.4}{Training data}{section.6.1}% 68
\BOOKMARK [3][-]{subsubsection.6.1.4.1}{Evaluation set}{subsection.6.1.4}% 69
\BOOKMARK [3][-]{subsubsection.6.1.4.2}{Search space}{subsection.6.1.4}% 70
\BOOKMARK [1][-]{section.6.2}{Study comparisons}{chapter.6}% 71
\BOOKMARK [2][-]{subsection.6.2.1}{The Corel-1000 evaluation}{section.6.2}% 72
\BOOKMARK [0][-]{chapter.7}{Conclusion}{}% 73
\BOOKMARK [1][-]{section.7.1}{Discussion of results}{chapter.7}% 74
\BOOKMARK [1][-]{section.7.2}{Future work}{chapter.7}% 75
\BOOKMARK [2][-]{subsection.7.2.1}{Model improvements}{section.7.2}% 76
\BOOKMARK [3][-]{subsubsection.7.2.1.1}{Scaling to bigger datasets}{subsection.7.2.1}% 77
\BOOKMARK [3][-]{subsubsection.7.2.1.2}{Improvements to the relevance feedback loop}{subsection.7.2.1}% 78
\BOOKMARK [3][-]{subsubsection.7.2.1.3}{Selection of feature descriptors}{subsection.7.2.1}% 79
\BOOKMARK [2][-]{subsection.7.2.2}{Miscellaneous usage areas}{section.7.2}% 80
\BOOKMARK [3][-]{subsubsection.7.2.2.1}{Dataset improvement}{subsection.7.2.2}% 81
\BOOKMARK [0][-]{appendix.A}{Complete list of categories in the dataset MIT places205}{}% 82
